<?xml version="1.0" encoding="UTF-8"?>
<testsuite name="org.academiadecodigo.javabank.controller.CustomerControllerTest" time="5.416" tests="1" errors="0" skipped="0" failures="1">
  <properties>
[...]
</properties>
  <testcase name="testListCustomers" classname="org.academiadecodigo.javabank.controller.CustomerControllerTest" time="5.416">
    <failure message="Status expected:&lt;200&gt; but was:&lt;404&gt;" type="java.lang.AssertionError"><![CDATA[java.lang.AssertionError: Status expected:<200> but was:<404>
	at org.springframework.test.util.AssertionErrors.fail(AssertionErrors.java:54)
	at org.springframework.test.util.AssertionErrors.assertEquals(AssertionErrors.java:81)
	at org.springframework.test.web.servlet.result.StatusResultMatchers$10.match(StatusResultMatchers.java:665)
	at org.springframework.test.web.servlet.MockMvc$1.andExpect(MockMvc.java:171)
	at org.academiadecodigo.javabank.controller.CustomerControllerTest.testListCustomers(CustomerControllerTest.java:53)
]]></failure>
    <system-err><![CDATA[Apr 04, 2020 3:35:26 PM org.springframework.test.web.servlet.setup.StandaloneMockMvcBuilder$StaticRequestMappingHandlerMapping register
INFO: Mapped "{[/test],methods=[GET]}" onto public java.lang.String org.academiadecodigo.javabank.controller.CustomerController.showTest()
Apr 04, 2020 3:35:26 PM org.springframework.test.web.servlet.setup.StandaloneMockMvcBuilder$StaticRequestMappingHandlerMapping register
INFO: Mapped "{[/customer/list || /],methods=[GET]}" onto public java.lang.String org.academiadecodigo.javabank.controller.CustomerController.listCustomers(org.springframework.ui.Model)
Apr 04, 2020 3:35:26 PM org.springframework.web.servlet.mvc.method.annotation.RequestMappingHandlerAdapter initControllerAdviceCache
INFO: Looking for @ControllerAdvice: org.springframework.test.web.servlet.setup.StubWebApplicationContext@662706a7
Apr 04, 2020 3:35:27 PM org.springframework.mock.web.MockServletContext log
INFO: Initializing Spring FrameworkServlet ''
Apr 04, 2020 3:35:27 PM org.springframework.test.web.servlet.TestDispatcherServlet initServletBean
INFO: FrameworkServlet '': initialization started
Apr 04, 2020 3:35:27 PM org.springframework.test.web.servlet.TestDispatcherServlet initServletBean
INFO: FrameworkServlet '': initialization completed in 34 ms
Apr 04, 2020 3:35:28 PM org.springframework.web.servlet.PageNotFound noHandlerFound
WARNING: No mapping found for HTTP request with URI [/customer/] in DispatcherServlet with name ''
]]></system-err>
  </testcase>
</testsuite>